生成启动时间为 2018/6/26 15:08:02。
     1>项目“E:\YANG\Multi_Object_Tracing\KalmanTracker-master\liKalmanTracker\liKalmanTracker.vcxproj”在节点 2 上(Build 个目标)。
     1>ClCompile:
         C:\Program Files (x86)\Microsoft Visual Studio 12.0\VC\bin\x86_amd64\CL.exe /c /I"E:\YANG\Multi_Object_Tracing\KalmanTracker-master\packages\OpenCV.2.4.11\build\native\../../build/native/include/" /Zi /nologo /W3 /WX- /sdl /O2 /Oi /GL /D HAS_OPENCV /D WIN32 /D NDEBUG /D _CONSOLE /D _LIB /D _UNICODE /D UNICODE /Gm- /EHsc /MD /GS /Gy /fp:precise /Zc:wchar_t /Zc:forScope /Fo"x64\Release\\" /Fd"x64\Release\vc120.pdb" /Gd /TP /errorReport:prompt face_detect.cpp
         face_detect.cpp
     1>face_detect.cpp(25): warning C4244: “=”: 从“int”转换到“float”，可能丢失数据
     1>face_detect.cpp(26): warning C4244: “=”: 从“int”转换到“float”，可能丢失数据
     1>face_detect.cpp(38): warning C4244: “初始化”: 从“int”转换到“float”，可能丢失数据
     1>face_detect.cpp(39): warning C4244: “初始化”: 从“int”转换到“float”，可能丢失数据
     1>face_detect.cpp(42): warning C4244: “初始化”: 从“int”转换到“float”，可能丢失数据
     1>face_detect.cpp(44): warning C4244: “初始化”: 从“int”转换到“float”，可能丢失数据
       Link:
         C:\Program Files (x86)\Microsoft Visual Studio 12.0\VC\bin\x86_amd64\link.exe /ERRORREPORT:PROMPT /OUT:"E:\YANG\Multi_Object_Tracing\KalmanTracker-master\x64\Release\liKalmanTracker.exe" /INCREMENTAL:NO /NOLOGO "E:\YANG\Multi_Object_Tracing\KalmanTracker-master\packages\OpenCV.2.4.11\build\native\../../build/native/lib/x64/v120/Release/opencv_videostab2411.lib" "E:\YANG\Multi_Object_Tracing\KalmanTracker-master\packages\OpenCV.2.4.11\build\native\../../build/native/lib/x64/v120/Release/opencv_video2411.lib" "E:\YANG\Multi_Object_Tracing\KalmanTracker-master\packages\OpenCV.2.4.11\build\native\../../build/native/lib/x64/v120/Release/opencv_ts2411.lib" "E:\YANG\Multi_Object_Tracing\KalmanTracker-master\packages\OpenCV.2.4.11\build\native\../../build/native/lib/x64/v120/Release/opencv_superres2411.lib" "E:\YANG\Multi_Object_Tracing\KalmanTracker-master\packages\OpenCV.2.4.11\build\native\../../build/native/lib/x64/v120/Release/opencv_stitching2411.lib" "E:\YANG\Multi_Object_Tracing\KalmanTracker-master\packages\OpenCV.2.4.11\build\native\../../build/native/lib/x64/v120/Release/opencv_photo2411.lib" "E:\YANG\Multi_Object_Tracing\KalmanTracker-master\packages\OpenCV.2.4.11\build\native\../../build/native/lib/x64/v120/Release/opencv_ocl2411.lib" "E:\YANG\Multi_Object_Tracing\KalmanTracker-master\packages\OpenCV.2.4.11\build\native\../../build/native/lib/x64/v120/Release/opencv_objdetect2411.lib" "E:\YANG\Multi_Object_Tracing\KalmanTracker-master\packages\OpenCV.2.4.11\build\native\../../build/native/lib/x64/v120/Release/opencv_nonfree2411.lib" "E:\YANG\Multi_Object_Tracing\KalmanTracker-master\packages\OpenCV.2.4.11\build\native\../../build/native/lib/x64/v120/Release/opencv_ml2411.lib" "E:\YANG\Multi_Object_Tracing\KalmanTracker-master\packages\OpenCV.2.4.11\build\native\../../build/native/lib/x64/v120/Release/opencv_legacy2411.lib" "E:\YANG\Multi_Object_Tracing\KalmanTracker-master\packages\OpenCV.2.4.11\build\native\../../build/native/lib/x64/v120/Release/opencv_imgproc2411.lib" "E:\YANG\Multi_Object_Tracing\KalmanTracker-master\packages\OpenCV.2.4.11\build\native\../../build/native/lib/x64/v120/Release/opencv_highgui2411.lib" "E:\YANG\Multi_Object_Tracing\KalmanTracker-master\packages\OpenCV.2.4.11\build\native\../../build/native/lib/x64/v120/Release/opencv_gpu2411.lib" "E:\YANG\Multi_Object_Tracing\KalmanTracker-master\packages\OpenCV.2.4.11\build\native\../../build/native/lib/x64/v120/Release/opencv_flann2411.lib" "E:\YANG\Multi_Object_Tracing\KalmanTracker-master\packages\OpenCV.2.4.11\build\native\../../build/native/lib/x64/v120/Release/opencv_features2d2411.lib" "E:\YANG\Multi_Object_Tracing\KalmanTracker-master\packages\OpenCV.2.4.11\build\native\../../build/native/lib/x64/v120/Release/opencv_core2411.lib" "E:\YANG\Multi_Object_Tracing\KalmanTracker-master\packages\OpenCV.2.4.11\build\native\../../build/native/lib/x64/v120/Release/opencv_contrib2411.lib" "E:\YANG\Multi_Object_Tracing\KalmanTracker-master\packages\OpenCV.2.4.11\build\native\../../build/native/lib/x64/v120/Release/opencv_calib3d2411.lib" kernel32.lib user32.lib gdi32.lib winspool.lib comdlg32.lib advapi32.lib shell32.lib ole32.lib oleaut32.lib uuid.lib odbc32.lib odbccp32.lib /MANIFEST /MANIFESTUAC:"level='asInvoker' uiAccess='false'" /manifest:embed /DEBUG /PDB:"E:\YANG\Multi_Object_Tracing\KalmanTracker-master\x64\Release\liKalmanTracker.pdb" /SUBSYSTEM:CONSOLE /OPT:REF /OPT:ICF /LTCG /TLBID:1 /DYNAMICBASE /NXCOMPAT /IMPLIB:"E:\YANG\Multi_Object_Tracing\KalmanTracker-master\x64\Release\liKalmanTracker.lib" /MACHINE:X64 x64\Release\face_detect.obj
         x64\Release\liFunction.obj
         x64\Release\liKalmanTracker.obj
         x64\Release\main.obj
         正在生成代码
         已完成代码的生成
         liKalmanTracker.vcxproj -> E:\YANG\Multi_Object_Tracing\KalmanTracker-master\x64\Release\liKalmanTracker.exe
     1>已完成生成项目“E:\YANG\Multi_Object_Tracing\KalmanTracker-master\liKalmanTracker\liKalmanTracker.vcxproj”(Build 个目标)的操作。

生成成功。

已用时间 00:00:04.00
